{"uuid":"59ace1f3-b931-4064-8241-3146b5656b90","historyId":"e5674ed19df29993e391b52af2522bdf","testCaseId":"625e6cd596a0e6330eca265afb2f3773","fullName":"src/test/resources/features/api/SignIn.feature:20","labels":[{"name":"tag","value":"Regression"},{"name":"host","value":"EPINHYDW12DF"},{"name":"thread","value":"20616@EPINHYDW12DF.main(1)"},{"name":"feature","value":"As a user, I want to be able to login to access my account and interact with the application."},{"name":"story","value":"Sign in with the invalid credentials"},{"name":"suite","value":"As a user, I want to be able to login to access my account and interact with the application."},{"name":"testClass","value":"Sign in with the invalid credentials"},{"name":"framework","value":"cucumber4jvm"},{"name":"language","value":"java"},{"name":"gherkin_uri","value":"file:///C:/Users/devmalya_saha/green-and-tasty/automation-qa/test/src/test/resources/features/api/SignIn.feature"},{"name":"package","value":"src.test.resources.features.api.SignIn_feature.As a user, I want to be able to login to access my account and interact with the application."}],"links":[],"name":"Sign in with the invalid credentials","status":"failed","statusDetails":{"known":false,"muted":false,"flaky":false,"message":"The expected message was Missing required fields: email or password expected [Missing required fields: email or password] but found [email is not valid]","trace":"java.lang.AssertionError: The expected message was Missing required fields: email or password expected [Missing required fields: email or password] but found [email is not valid]\r\n\tat org.testng.Assert.fail(Assert.java:111)\r\n\tat org.testng.Assert.failNotEquals(Assert.java:1590)\r\n\tat org.testng.Assert.assertEqualsImpl(Assert.java:150)\r\n\tat org.testng.Assert.assertEquals(Assert.java:132)\r\n\tat org.testng.Assert.assertEquals(Assert.java:656)\r\n\tat com.greenandtasty.stepdefinitions.api.SignInStepDefs.theReponseBodyWillDisplayAsErrorMessage(SignInStepDefs.java:95)\r\n\tat ✽.the response body will display as \"Missing required fields: email or password\"(file:///C:/Users/devmalya_saha/green-and-tasty/automation-qa/test/src/test/resources/features/api/SignIn.feature:17)\r\n"},"stage":"finished","description":"         US_2_USER_LOGIN","steps":[{"name":"Given a user has signed up with valid credentials","status":"passed","statusDetails":{"known":false,"muted":false,"flaky":false},"stage":"finished","steps":[],"attachments":[],"parameters":[],"start":1747728478555,"stop":1747728479439},{"name":"When the user signs in with email \"\" and password \"\"","status":"passed","statusDetails":{"known":false,"muted":false,"flaky":false},"stage":"finished","steps":[],"attachments":[],"parameters":[],"start":1747728479439,"stop":1747728480248},{"name":"Then the response status code should be 400","status":"passed","statusDetails":{"known":false,"muted":false,"flaky":false},"stage":"finished","steps":[],"attachments":[],"parameters":[],"start":1747728480248,"stop":1747728480248},{"name":"And the response body will display as \"Missing required fields: email or password\"","status":"failed","statusDetails":{"known":false,"muted":false,"flaky":false,"message":"The expected message was Missing required fields: email or password expected [Missing required fields: email or password] but found [email is not valid]","trace":"java.lang.AssertionError: The expected message was Missing required fields: email or password expected [Missing required fields: email or password] but found [email is not valid]\r\n\tat org.testng.Assert.fail(Assert.java:111)\r\n\tat org.testng.Assert.failNotEquals(Assert.java:1590)\r\n\tat org.testng.Assert.assertEqualsImpl(Assert.java:150)\r\n\tat org.testng.Assert.assertEquals(Assert.java:132)\r\n\tat org.testng.Assert.assertEquals(Assert.java:656)\r\n\tat com.greenandtasty.stepdefinitions.api.SignInStepDefs.theReponseBodyWillDisplayAsErrorMessage(SignInStepDefs.java:95)\r\n\tat ✽.the response body will display as \"Missing required fields: email or password\"(file:///C:/Users/devmalya_saha/green-and-tasty/automation-qa/test/src/test/resources/features/api/SignIn.feature:17)\r\n"},"stage":"finished","steps":[],"attachments":[],"parameters":[],"start":1747728480248,"stop":1747728480269}],"attachments":[],"parameters":[{"name":"username","value":"\"\""},{"name":"password","value":"\"\""},{"name":"statusCode","value":"400"},{"name":"errorMessage","value":"\"Missing required fields: email or password\""}],"start":1747728478555,"stop":1747728482429}